Using pre-set license
Built from '2020.3/release' branch; Version is '2020.3.1f1 (77a89f25062f) revision 7841951'; Using compiler version '192528614'; Build Type 'Release'
OS: 'Windows 10 Education; OS build 19045.3693; Version 2009; 64bit' Language: 'ru' Physical Memory: 8028 MB
BatchMode: 1, IsHumanControllingUs: 0, StartBugReporterOnCrash: 0, Is64bit: 1, IsPro: 0

 COMMAND LINE ARGUMENTS:
C:\Program Files\Unity\Hub\Editor\2020.3.1f1\Editor\Unity.exe
-adb2
-batchMode
-noUpm
-name
AssetImportWorker0
-projectPath
C:/Users/student/Asteroids
-logFile
Logs/AssetImportWorker0.log
-srvPort
49409
Successfully changed project path to: C:/Users/student/Asteroids
C:/Users/student/Asteroids
Using Asset Import Pipeline V2.
Refreshing native plugins compatible for Editor in 35.78 ms, found 1 plugins.
Preloading 0 native plugins for Editor in 0.00 ms.
Initialize engine version: 2020.3.1f1 (77a89f25062f)
[Subsystems] Discovering subsystems at path C:/Program Files/Unity/Hub/Editor/2020.3.1f1/Editor/Data/Resources/UnitySubsystems
[Subsystems] Discovering subsystems at path C:/Users/student/Asteroids/Assets
GfxDevice: creating device client; threaded=0
Direct3D:
    Version:  Direct3D 11.0 [level 11.1]
    Renderer: Intel(R) UHD Graphics 630 (ID=0x3e92)
    Vendor:   
    VRAM:     4014 MB
    Driver:   30.0.101.1404
Initialize mono
Mono path[0] = 'C:/Program Files/Unity/Hub/Editor/2020.3.1f1/Editor/Data/Managed'
Mono path[1] = 'C:/Program Files/Unity/Hub/Editor/2020.3.1f1/Editor/Data/MonoBleedingEdge/lib/mono/unityjit'
Mono config path = 'C:/Program Files/Unity/Hub/Editor/2020.3.1f1/Editor/Data/MonoBleedingEdge/etc'
Using monoOptions --debugger-agent=transport=dt_socket,embedding=1,server=y,suspend=n,address=127.0.0.1:56500
Begin MonoManager ReloadAssembly
Registering precompiled unity dll's ...
Register platform support module: C:/Program Files/Unity/Hub/Editor/2020.3.1f1/Editor/Data/PlaybackEngines/WebGLSupport/UnityEditor.WebGL.Extensions.dll
Register platform support module: C:/Program Files/Unity/Hub/Editor/2020.3.1f1/Editor/Data/PlaybackEngines/WindowsStandaloneSupport/UnityEditor.WindowsStandalone.Extensions.dll
Registered in 0.003176 seconds.
Native extension for WindowsStandalone target not found
Native extension for WebGL target not found
Refreshing native plugins compatible for Editor in 34.29 ms, found 1 plugins.
Preloading 0 native plugins for Editor in 0.00 ms.
Invoked RoslynAnalysisRunner static constructor.
RoslynAnalysisRunner will not be running.
RoslynAnalysisRunner has terminated.
Mono: successfully reloaded assembly
- Completed reload, in  2.064 seconds
Platform modules already initialized, skipping
Registering precompiled user dll's ...
Registered in 0.001089 seconds.
Begin MonoManager ReloadAssembly
Native extension for WindowsStandalone target not found
Native extension for WebGL target not found
Refreshing native plugins compatible for Editor in 33.92 ms, found 1 plugins.
Preloading 0 native plugins for Editor in 0.00 ms.
Invoked RoslynAnalysisRunner static constructor.
RoslynAnalysisRunner will not be running.
RoslynAnalysisRunner has terminated.
Mono: successfully reloaded assembly
- Completed reload, in  0.906 seconds
Platform modules already initialized, skipping
========================================================================
Worker process is ready to serve import requests
Launched and connected shader compiler UnityShaderCompiler.exe after 0.05 seconds
Refreshing native plugins compatible for Editor in 0.32 ms, found 1 plugins.
Preloading 0 native plugins for Editor in 0.00 ms.
Unloading 1807 Unused Serialized files (Serialized files now loaded: 0)
System memory in use before: 84.6 MB.
System memory in use after: 84.5 MB.

Unloading 24 unused Assets to reduce memory usage. Loaded Objects now: 2249.
Total: 1.856600 ms (FindLiveObjects: 0.160300 ms CreateObjectMapping: 0.052700 ms MarkObjects: 1.527900 ms  DeleteObjects: 0.114300 ms)

========================================================================
Received Import Request.
  path: Assets
  artifactKey: Guid(00000000000000001000000000000000) Importer(815301076,1909f56bfc062723c751e8b465ee728b)
Start importing Assets using Guid(00000000000000001000000000000000) Importer(815301076,1909f56bfc062723c751e8b465ee728b)  -> (artifact id: 'a6374019befeac6ce670f13ba9960efb') in 0.018630 seconds
  Import took 0.022639 seconds .

========================================================================
Received Import Request.
  Time since last request: 2.861802 seconds.
  path: Assets/Prefabs
  artifactKey: Guid(6b44a18636533e248a593248a10d3056) Importer(815301076,1909f56bfc062723c751e8b465ee728b)
Start importing Assets/Prefabs using Guid(6b44a18636533e248a593248a10d3056) Importer(815301076,1909f56bfc062723c751e8b465ee728b)  -> (artifact id: '5100a74e219ca9ba1410d1645019fc3f') in 0.010331 seconds
  Import took 0.025274 seconds .

========================================================================
Received Import Request.
  Time since last request: 11.159195 seconds.
  path: Assets/Prefabs/Bullet.prefab
  artifactKey: Guid(8c5aa880c726df445a7247a0b8311658) Importer(815301076,1909f56bfc062723c751e8b465ee728b)
Start importing Assets/Prefabs/Bullet.prefab using Guid(8c5aa880c726df445a7247a0b8311658) Importer(815301076,1909f56bfc062723c751e8b465ee728b)  -> (artifact id: '34e0fdc8416e41415d722e90689843b4') in 0.151307 seconds
  Import took 0.154846 seconds .

========================================================================
Received Import Request.
  Time since last request: 109.034496 seconds.
  path: Assets/Scripts/Bullet.cs
  artifactKey: Guid(883b829f59d7456409a0b8f7da0729d5) Importer(815301076,1909f56bfc062723c751e8b465ee728b)
Start importing Assets/Scripts/Bullet.cs using Guid(883b829f59d7456409a0b8f7da0729d5) Importer(815301076,1909f56bfc062723c751e8b465ee728b)  -> (artifact id: 'f82d7a31b4e00f93c0d4bb96cc9d0e7f') in 0.015704 seconds
  Import took 0.020870 seconds .

========================================================================
Received Prepare
Registering precompiled user dll's ...
Registered in 0.001084 seconds.
Begin MonoManager ReloadAssembly
Native extension for WindowsStandalone target not found
Native extension for WebGL target not found
Refreshing native plugins compatible for Editor in 0.33 ms, found 1 plugins.
Preloading 0 native plugins for Editor in 0.00 ms.
Invoked RoslynAnalysisRunner static constructor.
RoslynAnalysisRunner will not be running.
RoslynAnalysisRunner has terminated.
Mono: successfully reloaded assembly
- Completed reload, in  0.817 seconds
Platform modules already initialized, skipping
Refreshing native plugins compatible for Editor in 0.35 ms, found 1 plugins.
Preloading 0 native plugins for Editor in 0.00 ms.
Unloading 1803 Unused Serialized files (Serialized files now loaded: 0)
System memory in use before: 87.7 MB.
System memory in use after: 87.6 MB.

Unloading 12 unused Assets to reduce memory usage. Loaded Objects now: 2261.
Total: 1.823100 ms (FindLiveObjects: 0.162300 ms CreateObjectMapping: 0.059200 ms MarkObjects: 1.508700 ms  DeleteObjects: 0.091900 ms)

========================================================================
Received Import Request.
  Time since last request: 306.054443 seconds.
  path: Assets/Prefabs/Bullet.prefab
  artifactKey: Guid(8c5aa880c726df445a7247a0b8311658) Importer(815301076,1909f56bfc062723c751e8b465ee728b)
Start importing Assets/Prefabs/Bullet.prefab using Guid(8c5aa880c726df445a7247a0b8311658) Importer(815301076,1909f56bfc062723c751e8b465ee728b)  -> (artifact id: '7dc2be56517c1b346af9ad545e84a9d2') in 0.058263 seconds
  Import took 0.064651 seconds .

========================================================================
Received Prepare
Registering precompiled user dll's ...
Registered in 0.003335 seconds.
Begin MonoManager ReloadAssembly
Native extension for WindowsStandalone target not found
Native extension for WebGL target not found
Refreshing native plugins compatible for Editor in 0.35 ms, found 1 plugins.
Preloading 0 native plugins for Editor in 0.00 ms.
Invoked RoslynAnalysisRunner static constructor.
RoslynAnalysisRunner will not be running.
RoslynAnalysisRunner has terminated.
Mono: successfully reloaded assembly
- Completed reload, in  0.880 seconds
Platform modules already initialized, skipping
Refreshing native plugins compatible for Editor in 0.42 ms, found 1 plugins.
Preloading 0 native plugins for Editor in 0.00 ms.
Unloading 1803 Unused Serialized files (Serialized files now loaded: 0)
System memory in use before: 87.7 MB.
System memory in use after: 87.7 MB.

Unloading 12 unused Assets to reduce memory usage. Loaded Objects now: 2266.
Total: 2.078400 ms (FindLiveObjects: 0.179900 ms CreateObjectMapping: 0.066700 ms MarkObjects: 1.717200 ms  DeleteObjects: 0.113800 ms)

========================================================================
Received Import Request.
  Time since last request: 738.611357 seconds.
  path: Assets/Prefabs/Bullet.prefab
  artifactKey: Guid(8c5aa880c726df445a7247a0b8311658) Importer(815301076,1909f56bfc062723c751e8b465ee728b)
Start importing Assets/Prefabs/Bullet.prefab using Guid(8c5aa880c726df445a7247a0b8311658) Importer(815301076,1909f56bfc062723c751e8b465ee728b)  -> (artifact id: '1bd5f0e4825479d188ae06d089876577') in 0.052371 seconds
  Import took 0.056127 seconds .

========================================================================
Received Import Request.
  Time since last request: 94.747164 seconds.
  path: ProjectSettings/TagManager.asset
  artifactKey: Guid(00000000000000003000000000000000) Importer(815301076,1909f56bfc062723c751e8b465ee728b)
Start importing ProjectSettings/TagManager.asset using Guid(00000000000000003000000000000000) Importer(815301076,1909f56bfc062723c751e8b465ee728b)  -> (artifact id: '805fad2e57c96fa8957d9465ea477d84') in 0.011736 seconds
  Import took 0.015530 seconds .

========================================================================
Received Import Request.
  Time since last request: 77.209058 seconds.
  path: Assets/Prefabs/Bullet.prefab
  artifactKey: Guid(8c5aa880c726df445a7247a0b8311658) Importer(815301076,1909f56bfc062723c751e8b465ee728b)
Start importing Assets/Prefabs/Bullet.prefab using Guid(8c5aa880c726df445a7247a0b8311658) Importer(815301076,1909f56bfc062723c751e8b465ee728b)  -> (artifact id: '12a28ea99d17503f7db3a3d7200686f1') in 0.010462 seconds
  Import took 0.014375 seconds .

========================================================================
Received Import Request.
  Time since last request: 0.008193 seconds.
  path: Assets/Prefabs/Bullet.prefab
  artifactKey: Guid(8c5aa880c726df445a7247a0b8311658) Importer(815301076,1909f56bfc062723c751e8b465ee728b)
Start importing Assets/Prefabs/Bullet.prefab using Guid(8c5aa880c726df445a7247a0b8311658) Importer(815301076,1909f56bfc062723c751e8b465ee728b)  -> (artifact id: '12a28ea99d17503f7db3a3d7200686f1') in 0.010069 seconds
  Import took 0.013317 seconds .

========================================================================
Received Prepare
Registering precompiled user dll's ...
Registered in 0.001166 seconds.
Begin MonoManager ReloadAssembly
Native extension for WindowsStandalone target not found
Native extension for WebGL target not found
Refreshing native plugins compatible for Editor in 0.34 ms, found 1 plugins.
Preloading 0 native plugins for Editor in 0.00 ms.
Invoked RoslynAnalysisRunner static constructor.
RoslynAnalysisRunner will not be running.
RoslynAnalysisRunner has terminated.
Mono: successfully reloaded assembly
- Completed reload, in  0.829 seconds
Platform modules already initialized, skipping
Refreshing native plugins compatible for Editor in 0.32 ms, found 1 plugins.
Preloading 0 native plugins for Editor in 0.00 ms.
Unloading 1803 Unused Serialized files (Serialized files now loaded: 0)
System memory in use before: 87.7 MB.
System memory in use after: 87.7 MB.

Unloading 13 unused Assets to reduce memory usage. Loaded Objects now: 2271.
Total: 2.019800 ms (FindLiveObjects: 0.159900 ms CreateObjectMapping: 0.052500 ms MarkObjects: 1.701300 ms  DeleteObjects: 0.104900 ms)

========================================================================
Received Prepare
Registering precompiled user dll's ...
Registered in 0.001074 seconds.
Begin MonoManager ReloadAssembly
Native extension for WindowsStandalone target not found
Native extension for WebGL target not found
Refreshing native plugins compatible for Editor in 0.42 ms, found 1 plugins.
Preloading 0 native plugins for Editor in 0.00 ms.
Invoked RoslynAnalysisRunner static constructor.
RoslynAnalysisRunner will not be running.
RoslynAnalysisRunner has terminated.
Mono: successfully reloaded assembly
- Completed reload, in  1.117 seconds
Platform modules already initialized, skipping
Refreshing native plugins compatible for Editor in 0.42 ms, found 1 plugins.
Preloading 0 native plugins for Editor in 0.00 ms.
Unloading 1803 Unused Serialized files (Serialized files now loaded: 0)
System memory in use before: 87.7 MB.
System memory in use after: 87.7 MB.

Unloading 12 unused Assets to reduce memory usage. Loaded Objects now: 2275.
Total: 2.560700 ms (FindLiveObjects: 0.284900 ms CreateObjectMapping: 0.107700 ms MarkObjects: 2.046200 ms  DeleteObjects: 0.120500 ms)

========================================================================
Received Prepare
Registering precompiled user dll's ...
Registered in 0.001065 seconds.
Begin MonoManager ReloadAssembly
Native extension for WindowsStandalone target not found
Native extension for WebGL target not found
Refreshing native plugins compatible for Editor in 0.36 ms, found 1 plugins.
Preloading 0 native plugins for Editor in 0.00 ms.
Invoked RoslynAnalysisRunner static constructor.
RoslynAnalysisRunner will not be running.
RoslynAnalysisRunner has terminated.
Mono: successfully reloaded assembly
- Completed reload, in  0.895 seconds
Platform modules already initialized, skipping
Refreshing native plugins compatible for Editor in 0.75 ms, found 1 plugins.
Preloading 0 native plugins for Editor in 0.00 ms.
Unloading 1803 Unused Serialized files (Serialized files now loaded: 0)
System memory in use before: 87.8 MB.
System memory in use after: 87.8 MB.

Unloading 12 unused Assets to reduce memory usage. Loaded Objects now: 2279.
Total: 3.392100 ms (FindLiveObjects: 0.560400 ms CreateObjectMapping: 0.280100 ms MarkObjects: 2.410000 ms  DeleteObjects: 0.139100 ms)

========================================================================
Received Import Request.
  Time since last request: 474.876486 seconds.
  path: Assets/Sprites/Asteroid_01.png
  artifactKey: Guid(bc0ebac591d0ccf4f9f124ee6ecf998e) Importer(815301076,1909f56bfc062723c751e8b465ee728b)
Start importing Assets/Sprites/Asteroid_01.png using Guid(bc0ebac591d0ccf4f9f124ee6ecf998e) Importer(815301076,1909f56bfc062723c751e8b465ee728b)  -> (artifact id: '4e83262dabd67c9ff3b431d1609746c2') in 0.118137 seconds
  Import took 0.121964 seconds .

========================================================================
Received Import Request.
  Time since last request: 0.000250 seconds.
  path: Assets/Sprites/Asteroid_04.png
  artifactKey: Guid(b3b84f8ff9ae1104cbcc0c1a9308590c) Importer(815301076,1909f56bfc062723c751e8b465ee728b)
Start importing Assets/Sprites/Asteroid_04.png using Guid(b3b84f8ff9ae1104cbcc0c1a9308590c) Importer(815301076,1909f56bfc062723c751e8b465ee728b)  -> (artifact id: '5bca7eb033e4f78ce18ad15f4e390645') in 0.016247 seconds
  Import took 0.019324 seconds .

========================================================================
Received Import Request.
  Time since last request: 0.000352 seconds.
  path: Assets/Sprites/Asteroid_03.png
  artifactKey: Guid(858c9cd8f5aa40c4eb8f181d3a3d0e50) Importer(815301076,1909f56bfc062723c751e8b465ee728b)
Start importing Assets/Sprites/Asteroid_03.png using Guid(858c9cd8f5aa40c4eb8f181d3a3d0e50) Importer(815301076,1909f56bfc062723c751e8b465ee728b)  -> (artifact id: 'cf1ae665edd5327b1da67475ed60c486') in 0.017282 seconds
  Import took 0.021198 seconds .

========================================================================
Received Import Request.
  Time since last request: 0.000264 seconds.
  path: Assets/Sprites/Asteroid_02.png
  artifactKey: Guid(5a1917322cb295449bf7552a48bba38e) Importer(815301076,1909f56bfc062723c751e8b465ee728b)
Start importing Assets/Sprites/Asteroid_02.png using Guid(5a1917322cb295449bf7552a48bba38e) Importer(815301076,1909f56bfc062723c751e8b465ee728b)  -> (artifact id: '1c75c4aa825fcd94b9d8677b4c6ebae9') in 0.016962 seconds
  Import took 0.020194 seconds .

========================================================================
Received Import Request.
  Time since last request: 1.965950 seconds.
  path: Assets/Sprites/Asteroid.ai
  artifactKey: Guid(9bb7d518c2930d846be3bb520980825e) Importer(815301076,1909f56bfc062723c751e8b465ee728b)
Start importing Assets/Sprites/Asteroid.ai using Guid(9bb7d518c2930d846be3bb520980825e) Importer(815301076,1909f56bfc062723c751e8b465ee728b)  -> (artifact id: 'df2c27de0a96cb9e83c65b3a4bd381d5') in 0.014108 seconds
  Import took 0.017676 seconds .

========================================================================
Received Import Request.
  Time since last request: 12.493519 seconds.
  path: Assets/Sprites/Player.ai
  artifactKey: Guid(49ab07f963defab479ec7b9ccdd17128) Importer(815301076,1909f56bfc062723c751e8b465ee728b)
Start importing Assets/Sprites/Player.ai using Guid(49ab07f963defab479ec7b9ccdd17128) Importer(815301076,1909f56bfc062723c751e8b465ee728b)  -> (artifact id: 'b42b20604b1f84a3780b88d7f554d9db') in 0.011838 seconds
  Import took 0.014719 seconds .

========================================================================
Received Prepare
Registering precompiled user dll's ...
Registered in 0.054003 seconds.
Begin MonoManager ReloadAssembly
Native extension for WindowsStandalone target not found
Native extension for WebGL target not found
Refreshing native plugins compatible for Editor in 0.34 ms, found 1 plugins.
Preloading 0 native plugins for Editor in 0.00 ms.
Invoked RoslynAnalysisRunner static constructor.
RoslynAnalysisRunner will not be running.
RoslynAnalysisRunner has terminated.
Mono: successfully reloaded assembly
- Completed reload, in  0.878 seconds
Platform modules already initialized, skipping
Refreshing native plugins compatible for Editor in 0.32 ms, found 1 plugins.
Preloading 0 native plugins for Editor in 0.00 ms.
Unloading 1803 Unused Serialized files (Serialized files now loaded: 0)
System memory in use before: 87.8 MB.
System memory in use after: 87.8 MB.

Unloading 12 unused Assets to reduce memory usage. Loaded Objects now: 2285.
Total: 1.861700 ms (FindLiveObjects: 0.170900 ms CreateObjectMapping: 0.051800 ms MarkObjects: 1.530900 ms  DeleteObjects: 0.106800 ms)

========================================================================
Received Import Request.
  Time since last request: 863.503031 seconds.
  path: Assets/Prefabs/Asteroid.prefab
  artifactKey: Guid(7bef67df1be8c934d89ef8ba126bf7cb) Importer(815301076,1909f56bfc062723c751e8b465ee728b)
Start importing Assets/Prefabs/Asteroid.prefab using Guid(7bef67df1be8c934d89ef8ba126bf7cb) Importer(815301076,1909f56bfc062723c751e8b465ee728b)  -> (artifact id: '42f5a524fbb7d0b951165fa6093d8114') in 0.061932 seconds
  Import took 0.066014 seconds .

========================================================================
Received Import Request.
  Time since last request: 41.230375 seconds.
  path: Assets/Scripts/Asteroid.cs
  artifactKey: Guid(98a0740f50a11774bb248ada27ac1f86) Importer(815301076,1909f56bfc062723c751e8b465ee728b)
Start importing Assets/Scripts/Asteroid.cs using Guid(98a0740f50a11774bb248ada27ac1f86) Importer(815301076,1909f56bfc062723c751e8b465ee728b)  -> (artifact id: 'fd4f2c74b6a88f573e517b6b9270c1e2') in 0.002729 seconds
  Import took 0.008303 seconds .

========================================================================
Received Prepare
Registering precompiled user dll's ...
Registered in 0.001101 seconds.
Begin MonoManager ReloadAssembly
Native extension for WindowsStandalone target not found
Native extension for WebGL target not found
Refreshing native plugins compatible for Editor in 0.33 ms, found 1 plugins.
Preloading 0 native plugins for Editor in 0.00 ms.
Invoked RoslynAnalysisRunner static constructor.
RoslynAnalysisRunner will not be running.
RoslynAnalysisRunner has terminated.
Mono: successfully reloaded assembly
- Completed reload, in  0.817 seconds
Platform modules already initialized, skipping
Refreshing native plugins compatible for Editor in 0.33 ms, found 1 plugins.
Preloading 0 native plugins for Editor in 0.00 ms.
Unloading 1804 Unused Serialized files (Serialized files now loaded: 0)
System memory in use before: 87.8 MB.
System memory in use after: 87.8 MB.

Unloading 12 unused Assets to reduce memory usage. Loaded Objects now: 2291.
Total: 2.048600 ms (FindLiveObjects: 0.155200 ms CreateObjectMapping: 0.049800 ms MarkObjects: 1.691300 ms  DeleteObjects: 0.151000 ms)

========================================================================
Received Import Request.
  Time since last request: 26.918838 seconds.
  path: Assets/Prefabs/Asteroid.prefab
  artifactKey: Guid(7bef67df1be8c934d89ef8ba126bf7cb) Importer(815301076,1909f56bfc062723c751e8b465ee728b)
Start importing Assets/Prefabs/Asteroid.prefab using Guid(7bef67df1be8c934d89ef8ba126bf7cb) Importer(815301076,1909f56bfc062723c751e8b465ee728b)  -> (artifact id: 'bfcac1041c95834bb879601daf47c779') in 0.054206 seconds
  Import took 0.058211 seconds .

========================================================================
Received Import Request.
  Time since last request: 454.866340 seconds.
  path: Assets/Scripts/AsteroidSpawner.cs
  artifactKey: Guid(498bd780844fbad438ac03afc69001b7) Importer(815301076,1909f56bfc062723c751e8b465ee728b)
Start importing Assets/Scripts/AsteroidSpawner.cs using Guid(498bd780844fbad438ac03afc69001b7) Importer(815301076,1909f56bfc062723c751e8b465ee728b)  -> (artifact id: '8347f755b3405a4ef363169ec11bffac') in 0.011017 seconds
  Import took 0.016172 seconds .

========================================================================
Received Prepare
Registering precompiled user dll's ...
Registered in 0.001120 seconds.
Begin MonoManager ReloadAssembly
Native extension for WindowsStandalone target not found
Native extension for WebGL target not found
Refreshing native plugins compatible for Editor in 0.35 ms, found 1 plugins.
Preloading 0 native plugins for Editor in 0.00 ms.
Invoked RoslynAnalysisRunner static constructor.
RoslynAnalysisRunner will not be running.
RoslynAnalysisRunner has terminated.
Mono: successfully reloaded assembly
- Completed reload, in  0.796 seconds
Platform modules already initialized, skipping
Refreshing native plugins compatible for Editor in 0.34 ms, found 1 plugins.
Preloading 0 native plugins for Editor in 0.00 ms.
Unloading 1805 Unused Serialized files (Serialized files now loaded: 0)
System memory in use before: 87.9 MB.
System memory in use after: 87.9 MB.

Unloading 12 unused Assets to reduce memory usage. Loaded Objects now: 2297.
Total: 2.032100 ms (FindLiveObjects: 0.161500 ms CreateObjectMapping: 0.056100 ms MarkObjects: 1.708700 ms  DeleteObjects: 0.104600 ms)

========================================================================
Received Prepare
Registering precompiled user dll's ...
Registered in 0.049322 seconds.
Begin MonoManager ReloadAssembly
Native extension for WindowsStandalone target not found
Native extension for WebGL target not found
Refreshing native plugins compatible for Editor in 0.91 ms, found 1 plugins.
Preloading 0 native plugins for Editor in 0.00 ms.
Invoked RoslynAnalysisRunner static constructor.
RoslynAnalysisRunner will not be running.
RoslynAnalysisRunner has terminated.
Mono: successfully reloaded assembly
- Completed reload, in  1.113 seconds
Platform modules already initialized, skipping
Refreshing native plugins compatible for Editor in 0.33 ms, found 1 plugins.
Preloading 0 native plugins for Editor in 0.00 ms.
Unloading 1805 Unused Serialized files (Serialized files now loaded: 0)
System memory in use before: 87.9 MB.
System memory in use after: 87.9 MB.

Unloading 12 unused Assets to reduce memory usage. Loaded Objects now: 2301.
Total: 2.054200 ms (FindLiveObjects: 0.182200 ms CreateObjectMapping: 0.065200 ms MarkObjects: 1.681600 ms  DeleteObjects: 0.124200 ms)

========================================================================
Received Import Request.
  Time since last request: 3551.317739 seconds.
  path: Assets/Prefabs/Asteroid.prefab
  artifactKey: Guid(7bef67df1be8c934d89ef8ba126bf7cb) Importer(815301076,1909f56bfc062723c751e8b465ee728b)
Start importing Assets/Prefabs/Asteroid.prefab using Guid(7bef67df1be8c934d89ef8ba126bf7cb) Importer(815301076,1909f56bfc062723c751e8b465ee728b)  -> (artifact id: '29bcc26aaff44c5c99ca5c610d575c8a') in 0.076602 seconds
  Import took 0.080882 seconds .

========================================================================
Received Prepare
Registering precompiled user dll's ...
Registered in 0.001081 seconds.
Begin MonoManager ReloadAssembly
Native extension for WindowsStandalone target not found
Native extension for WebGL target not found
Refreshing native plugins compatible for Editor in 0.31 ms, found 1 plugins.
Preloading 0 native plugins for Editor in 0.00 ms.
Invoked RoslynAnalysisRunner static constructor.
RoslynAnalysisRunner will not be running.
RoslynAnalysisRunner has terminated.
Mono: successfully reloaded assembly
- Completed reload, in  0.814 seconds
Platform modules already initialized, skipping
Refreshing native plugins compatible for Editor in 0.32 ms, found 1 plugins.
Preloading 0 native plugins for Editor in 0.00 ms.
Unloading 1805 Unused Serialized files (Serialized files now loaded: 0)
System memory in use before: 87.9 MB.
System memory in use after: 87.9 MB.

Unloading 12 unused Assets to reduce memory usage. Loaded Objects now: 2306.
Total: 2.068700 ms (FindLiveObjects: 0.190800 ms CreateObjectMapping: 0.068400 ms MarkObjects: 1.698000 ms  DeleteObjects: 0.110300 ms)

========================================================================
Received Prepare
Registering precompiled user dll's ...
Registered in 0.001100 seconds.
Begin MonoManager ReloadAssembly
Native extension for WindowsStandalone target not found
Native extension for WebGL target not found
Refreshing native plugins compatible for Editor in 0.35 ms, found 1 plugins.
Preloading 0 native plugins for Editor in 0.00 ms.
Invoked RoslynAnalysisRunner static constructor.
RoslynAnalysisRunner will not be running.
RoslynAnalysisRunner has terminated.
Mono: successfully reloaded assembly
- Completed reload, in  0.811 seconds
Platform modules already initialized, skipping
Refreshing native plugins compatible for Editor in 0.34 ms, found 1 plugins.
Preloading 0 native plugins for Editor in 0.00 ms.
Unloading 1805 Unused Serialized files (Serialized files now loaded: 0)
System memory in use before: 87.9 MB.
System memory in use after: 87.9 MB.

Unloading 12 unused Assets to reduce memory usage. Loaded Objects now: 2310.
Total: 2.079100 ms (FindLiveObjects: 0.187700 ms CreateObjectMapping: 0.068500 ms MarkObjects: 1.678400 ms  DeleteObjects: 0.143500 ms)

========================================================================
Received Prepare
Registering precompiled user dll's ...
Registered in 0.001135 seconds.
Begin MonoManager ReloadAssembly
Native extension for WindowsStandalone target not found
Native extension for WebGL target not found
Refreshing native plugins compatible for Editor in 0.36 ms, found 1 plugins.
Preloading 0 native plugins for Editor in 0.00 ms.
Invoked RoslynAnalysisRunner static constructor.
RoslynAnalysisRunner will not be running.
RoslynAnalysisRunner has terminated.
Mono: successfully reloaded assembly
- Completed reload, in  0.821 seconds
Platform modules already initialized, skipping
Refreshing native plugins compatible for Editor in 0.35 ms, found 1 plugins.
Preloading 0 native plugins for Editor in 0.00 ms.
Unloading 1805 Unused Serialized files (Serialized files now loaded: 0)
System memory in use before: 87.9 MB.
System memory in use after: 87.9 MB.

Unloading 12 unused Assets to reduce memory usage. Loaded Objects now: 2314.
Total: 2.059500 ms (FindLiveObjects: 0.169800 ms CreateObjectMapping: 0.061000 ms MarkObjects: 1.720600 ms  DeleteObjects: 0.107100 ms)

========================================================================
Received Import Request.
  Time since last request: 105.718987 seconds.
  path: Assets/Prefabs/Asteroid.prefab
  artifactKey: Guid(7bef67df1be8c934d89ef8ba126bf7cb) Importer(815301076,1909f56bfc062723c751e8b465ee728b)
Start importing Assets/Prefabs/Asteroid.prefab using Guid(7bef67df1be8c934d89ef8ba126bf7cb) Importer(815301076,1909f56bfc062723c751e8b465ee728b)  -> (artifact id: '2a75238d075cda92878097ce2109b932') in 0.054623 seconds
  Import took 0.058265 seconds .

========================================================================
Received Import Request.
  Time since last request: 16.894477 seconds.
  path: Assets/Prefabs/Asteroid.prefab
  artifactKey: Guid(7bef67df1be8c934d89ef8ba126bf7cb) Importer(815301076,1909f56bfc062723c751e8b465ee728b)
Start importing Assets/Prefabs/Asteroid.prefab using Guid(7bef67df1be8c934d89ef8ba126bf7cb) Importer(815301076,1909f56bfc062723c751e8b465ee728b)  -> (artifact id: '7ca067def9faa874d3f07375774579a9') in 0.010497 seconds
  Import took 0.013829 seconds .

========================================================================
Received Import Request.
  Time since last request: 1.831628 seconds.
  path: Assets/Prefabs/Asteroid.prefab
  artifactKey: Guid(7bef67df1be8c934d89ef8ba126bf7cb) Importer(815301076,1909f56bfc062723c751e8b465ee728b)
Start importing Assets/Prefabs/Asteroid.prefab using Guid(7bef67df1be8c934d89ef8ba126bf7cb) Importer(815301076,1909f56bfc062723c751e8b465ee728b)  -> (artifact id: 'bc09c4560410e805cecc871de6c60612') in 0.010969 seconds
  Import took 0.014199 seconds .

========================================================================
Received Import Request.
  Time since last request: 1.652741 seconds.
  path: Assets/Prefabs/Asteroid.prefab
  artifactKey: Guid(7bef67df1be8c934d89ef8ba126bf7cb) Importer(815301076,1909f56bfc062723c751e8b465ee728b)
Start importing Assets/Prefabs/Asteroid.prefab using Guid(7bef67df1be8c934d89ef8ba126bf7cb) Importer(815301076,1909f56bfc062723c751e8b465ee728b)  -> (artifact id: '50948e0be161accc1c5df2bc3517da91') in 0.010769 seconds
  Import took 0.014270 seconds .

========================================================================
Received Import Request.
  Time since last request: 1.605039 seconds.
  path: Assets/Prefabs/Asteroid.prefab
  artifactKey: Guid(7bef67df1be8c934d89ef8ba126bf7cb) Importer(815301076,1909f56bfc062723c751e8b465ee728b)
Start importing Assets/Prefabs/Asteroid.prefab using Guid(7bef67df1be8c934d89ef8ba126bf7cb) Importer(815301076,1909f56bfc062723c751e8b465ee728b)  -> (artifact id: '696d0eef9a35b6323937f6b19e8a793d') in 0.013006 seconds
  Import took 0.017147 seconds .

========================================================================
Received Prepare
Registering precompiled user dll's ...
Registered in 0.001679 seconds.
Begin MonoManager ReloadAssembly
Native extension for WindowsStandalone target not found
Native extension for WebGL target not found
Refreshing native plugins compatible for Editor in 0.54 ms, found 1 plugins.
Preloading 0 native plugins for Editor in 0.00 ms.
Invoked RoslynAnalysisRunner static constructor.
RoslynAnalysisRunner will not be running.
RoslynAnalysisRunner has terminated.
Mono: successfully reloaded assembly
- Completed reload, in  0.824 seconds
Platform modules already initialized, skipping
Refreshing native plugins compatible for Editor in 0.33 ms, found 1 plugins.
Preloading 0 native plugins for Editor in 0.00 ms.
Unloading 1805 Unused Serialized files (Serialized files now loaded: 0)
System memory in use before: 87.9 MB.
System memory in use after: 87.9 MB.

Unloading 12 unused Assets to reduce memory usage. Loaded Objects now: 2319.
Total: 1.873500 ms (FindLiveObjects: 0.166100 ms CreateObjectMapping: 0.061600 ms MarkObjects: 1.508000 ms  DeleteObjects: 0.136700 ms)

========================================================================
Received Import Request.
  Time since last request: 152.922270 seconds.
  path: Assets/Prefabs/Asteroid.prefab
  artifactKey: Guid(7bef67df1be8c934d89ef8ba126bf7cb) Importer(815301076,1909f56bfc062723c751e8b465ee728b)
Start importing Assets/Prefabs/Asteroid.prefab using Guid(7bef67df1be8c934d89ef8ba126bf7cb) Importer(815301076,1909f56bfc062723c751e8b465ee728b)  -> (artifact id: 'f73116f0b24876eb2875594717934d5d') in 0.056961 seconds
  Import took 0.060231 seconds .

========================================================================
Received Import Request.
  Time since last request: 205.940561 seconds.
  path: Assets/Prefabs/Asteroid.prefab
  artifactKey: Guid(7bef67df1be8c934d89ef8ba126bf7cb) Importer(815301076,1909f56bfc062723c751e8b465ee728b)
Start importing Assets/Prefabs/Asteroid.prefab using Guid(7bef67df1be8c934d89ef8ba126bf7cb) Importer(815301076,1909f56bfc062723c751e8b465ee728b)  -> (artifact id: '99089800050581b45b11b00e9c460b14') in 0.012192 seconds
  Import took 0.016389 seconds .

========================================================================
Received Import Request.
  Time since last request: 0.014415 seconds.
  path: Assets/Prefabs/Asteroid.prefab
  artifactKey: Guid(7bef67df1be8c934d89ef8ba126bf7cb) Importer(815301076,1909f56bfc062723c751e8b465ee728b)
Start importing Assets/Prefabs/Asteroid.prefab using Guid(7bef67df1be8c934d89ef8ba126bf7cb) Importer(815301076,1909f56bfc062723c751e8b465ee728b)  -> (artifact id: '99089800050581b45b11b00e9c460b14') in 0.010845 seconds
  Import took 0.014363 seconds .

========================================================================
Received Prepare
Registering precompiled user dll's ...
Registered in 0.001347 seconds.
Begin MonoManager ReloadAssembly
Native extension for WindowsStandalone target not found
Native extension for WebGL target not found
Refreshing native plugins compatible for Editor in 0.37 ms, found 1 plugins.
Preloading 0 native plugins for Editor in 0.00 ms.
Invoked RoslynAnalysisRunner static constructor.
RoslynAnalysisRunner will not be running.
RoslynAnalysisRunner has terminated.
Mono: successfully reloaded assembly
- Completed reload, in  0.826 seconds
Platform modules already initialized, skipping
Refreshing native plugins compatible for Editor in 0.32 ms, found 1 plugins.
Preloading 0 native plugins for Editor in 0.00 ms.
Unloading 1805 Unused Serialized files (Serialized files now loaded: 0)
System memory in use before: 87.9 MB.
System memory in use after: 87.9 MB.

Unloading 12 unused Assets to reduce memory usage. Loaded Objects now: 2324.
Total: 1.843900 ms (FindLiveObjects: 0.153400 ms CreateObjectMapping: 0.052000 ms MarkObjects: 1.536700 ms  DeleteObjects: 0.100600 ms)

========================================================================
Received Prepare
Registering precompiled user dll's ...
Registered in 0.001209 seconds.
Begin MonoManager ReloadAssembly
Native extension for WindowsStandalone target not found
Native extension for WebGL target not found
Refreshing native plugins compatible for Editor in 0.43 ms, found 1 plugins.
Preloading 0 native plugins for Editor in 0.00 ms.
Invoked RoslynAnalysisRunner static constructor.
RoslynAnalysisRunner will not be running.
RoslynAnalysisRunner has terminated.
Mono: successfully reloaded assembly
- Completed reload, in  0.905 seconds
Platform modules already initialized, skipping
Refreshing native plugins compatible for Editor in 0.33 ms, found 1 plugins.
Preloading 0 native plugins for Editor in 0.00 ms.
Unloading 1805 Unused Serialized files (Serialized files now loaded: 0)
System memory in use before: 88.0 MB.
System memory in use after: 87.9 MB.

Unloading 12 unused Assets to reduce memory usage. Loaded Objects now: 2328.
Total: 2.017500 ms (FindLiveObjects: 0.172900 ms CreateObjectMapping: 0.062300 ms MarkObjects: 1.673100 ms  DeleteObjects: 0.108100 ms)

========================================================================
Received Import Request.
  Time since last request: 6970.982634 seconds.
  path: Assets/Prefabs/Bullet.prefab
  artifactKey: Guid(8c5aa880c726df445a7247a0b8311658) Importer(815301076,1909f56bfc062723c751e8b465ee728b)
Start importing Assets/Prefabs/Bullet.prefab using Guid(8c5aa880c726df445a7247a0b8311658) Importer(815301076,1909f56bfc062723c751e8b465ee728b)  -> (artifact id: 'b12ca331b48a6851ebb4ad77803d4996') in 0.075939 seconds
  Import took 0.080217 seconds .

========================================================================
Received Prepare
Registering precompiled user dll's ...
Registered in 0.001314 seconds.
Begin MonoManager ReloadAssembly
Native extension for WindowsStandalone target not found
Native extension for WebGL target not found
Refreshing native plugins compatible for Editor in 0.36 ms, found 1 plugins.
Preloading 0 native plugins for Editor in 0.00 ms.
Invoked RoslynAnalysisRunner static constructor.
RoslynAnalysisRunner will not be running.
RoslynAnalysisRunner has terminated.
Mono: successfully reloaded assembly
- Completed reload, in  0.862 seconds
Platform modules already initialized, skipping
Refreshing native plugins compatible for Editor in 0.37 ms, found 1 plugins.
Preloading 0 native plugins for Editor in 0.00 ms.
Unloading 1805 Unused Serialized files (Serialized files now loaded: 0)
System memory in use before: 88.0 MB.
System memory in use after: 88.0 MB.

Unloading 12 unused Assets to reduce memory usage. Loaded Objects now: 2333.
Total: 1.839000 ms (FindLiveObjects: 0.161600 ms CreateObjectMapping: 0.053500 ms MarkObjects: 1.514900 ms  DeleteObjects: 0.107400 ms)

========================================================================
Received Prepare
Registering precompiled user dll's ...
Registered in 0.005215 seconds.
Begin MonoManager ReloadAssembly
Native extension for WindowsStandalone target not found
Native extension for WebGL target not found
Refreshing native plugins compatible for Editor in 0.33 ms, found 1 plugins.
Preloading 0 native plugins for Editor in 0.00 ms.
Invoked RoslynAnalysisRunner static constructor.
RoslynAnalysisRunner will not be running.
RoslynAnalysisRunner has terminated.
Mono: successfully reloaded assembly
- Completed reload, in  0.906 seconds
Platform modules already initialized, skipping
Refreshing native plugins compatible for Editor in 0.33 ms, found 1 plugins.
Preloading 0 native plugins for Editor in 0.00 ms.
Unloading 1805 Unused Serialized files (Serialized files now loaded: 0)
System memory in use before: 88.0 MB.
System memory in use after: 88.0 MB.

Unloading 12 unused Assets to reduce memory usage. Loaded Objects now: 2337.
Total: 2.411400 ms (FindLiveObjects: 0.163500 ms CreateObjectMapping: 0.053100 ms MarkObjects: 1.469700 ms  DeleteObjects: 0.723900 ms)

AssetImportWorkerClient::OnTransportError - code=2 error=End of file
